<?xml version="1.0" encoding="UTF-8"?>
<!-- Generated by org.testng.reporters.JUnitReportReporter -->
<testsuite hostname="LAPTOP-BN070CIS" failures="0" tests="1" name="testCases.TC002_Login" time="7.480" errors="0" timestamp="2025-06-22T15:30:47 IST" skipped="0">
  <testcase classname="testCases.TC002_Login" name="testLogin" time="7.480"/>
  <system-out/>
</testsuite> <!-- testCases.TC002_Login -->
