<?xml version="1.0" encoding="UTF-8"?>
<!-- Generated by org.testng.reporters.JUnitReportReporter -->
<testsuite hostname="LAPTOP-BN070CIS" failures="0" tests="1" name="testCases.TC001RegisterAccount" time="2.258" errors="0" timestamp="2025-06-18T07:40:16 IST" skipped="0">
  <testcase classname="testCases.TC001RegisterAccount" name="verifyRegistration" time="2.258"/>
  <system-out/>
</testsuite> <!-- testCases.TC001RegisterAccount -->
