<?xml version="1.0" encoding="UTF-8"?>
<!-- Generated by org.testng.reporters.JUnitReportReporter -->
<testsuite hostname="LAPTOP-BN070CIS" failures="0" tests="2" name="testCases.TC004_AddToCart" time="2.922" errors="0" timestamp="2025-06-22T15:30:47 IST" skipped="0">
  <testcase classname="testCases.TC004_AddToCart" name="testAddToCart" time="1.855"/>
  <system-out/>
  <testcase classname="testCases.TC004_AddToCart" name="testCheckProductAdded" time="1.067"/>
  <system-out/>
</testsuite> <!-- testCases.TC004_AddToCart -->
