<?xml version="1.0" encoding="UTF-8"?>
<!-- Generated by org.testng.reporters.JUnitReportReporter -->
<testsuite hostname="LAPTOP-BN070CIS" failures="0" tests="1" name="testCases.TC002_Login" time="1.860" errors="0" timestamp="2025-06-29T13:49:50 IST" skipped="0">
  <testcase classname="testCases.TC002_Login" name="testLogin" time="1.860"/>
  <system-out/>
</testsuite> <!-- testCases.TC002_Login -->
