<?xml version="1.0" encoding="UTF-8"?>
<!-- Generated by org.testng.reporters.JUnitReportReporter -->
<testsuite hostname="LAPTOP-BN070CIS" failures="0" tests="2" name="testCases.TC004_AddToCart" time="1.650" errors="0" timestamp="2025-06-29T13:49:50 IST" skipped="0">
  <testcase classname="testCases.TC004_AddToCart" name="testAddToCart" time="1.090"/>
  <system-out/>
  <testcase classname="testCases.TC004_AddToCart" name="testCheckProductAdded" time="0.560"/>
  <system-out/>
</testsuite> <!-- testCases.TC004_AddToCart -->
